<?xml version="1.0" encoding="UTF-8"?>
<!-- Generated by org.testng.reporters.JUnitReportReporter -->
<testsuite skipped="0" hostname="Ashutoshs-MacBook-Air.local" name="com.hcl.cogmento.prod.testScript.login.LoginPageTest" tests="2" failures="0" timestamp="27 Jul 2021 04:14:52 GMT" time="35.674" errors="0">
  <testcase name="verifyLaunchURL" time="9.094" classname="com.hcl.cogmento.prod.testScript.login.LoginPageTest"/>
  <testcase name="loginIntoApplicationWithValidCredentials" time="26.580" classname="com.hcl.cogmento.prod.testScript.login.LoginPageTest"/>
</testsuite> <!-- com.hcl.cogmento.prod.testScript.login.LoginPageTest -->
