<?xml version="1.0" encoding="UTF-8"?>
<!-- Generated by org.testng.reporters.JUnitReportReporter -->
<testsuite skipped="0" hostname="Ashutoshs-MacBook-Air.local" name="com.hcl.cogmento.prod.testScript.login.LoginPageTest" tests="4" failures="0" timestamp="28 Jul 2021 04:35:06 GMT" time="92.619" errors="0">
  <testcase name="verifyLaunchURL" time="7.970" classname="com.hcl.cogmento.prod.testScript.login.LoginPageTest"/>
  <testcase name="loginIntoApplicationWithValidCredentials" time="29.171" classname="com.hcl.cogmento.prod.testScript.login.LoginPageTest"/>
  <testcase name="loginWithApplicationWithInvalidCredentials" time="13.684" classname="com.hcl.cogmento.prod.testScript.login.LoginPageTest"/>
  <testcase name="loginInApplicationWithEmptyFields" time="41.794" classname="com.hcl.cogmento.prod.testScript.login.LoginPageTest"/>
</testsuite> <!-- com.hcl.cogmento.prod.testScript.login.LoginPageTest -->
